   2.222   1.172  10.500     23760.0000     0.66350
   2.222   1.197  10.500     24820.0000     0.68019
   2.222   1.221  10.500     25880.0000     0.69533
   2.222   1.246  10.500     27060.0000     0.71024
   2.222   1.270  10.500     28230.0000     0.72385
   2.222   1.294  10.500     29460.0000     0.73668
   2.222   1.319  10.500     30840.0000     0.74982
   2.222   1.343  10.500     32240.0000     0.76181
   2.222   1.368  10.500     33770.0000     0.77365
   2.222   1.392  10.500     35280.0000     0.78452
   2.222   1.417  10.500     36860.0000     0.79491
   2.222   1.441  10.500     38310.0000     0.80314
   2.222   1.465  10.500     39670.0000     0.80992
   2.222   1.490  10.500     40970.0000     0.81500
   2.222   1.514  10.500     42150.0000     0.81861
   2.222   1.539  10.500     43390.0000     0.82085
   2.222   1.563  10.500     44780.0000     0.82271
   2.222   1.587  10.500     46610.0000     0.82598
   2.222   1.612  10.500     49260.0000     0.83195
   2.222   1.636  10.500     52830.0000     0.84164
   2.222   1.661  10.500     57920.0000     0.85655
   2.222   1.685  10.500     64420.0000     0.87563
   2.222   1.710  10.500     73070.0000     0.90010
   2.222   1.734  10.500     83190.0000     0.92691
   2.222   1.758  10.500     94680.0000     0.95530
   2.222   1.783  10.500    107000.0000     0.98436
   2.222   1.807  10.500    117400.0000     1.00946
   2.222   1.832  10.500    124100.0000     1.02817
   2.222   1.856  10.500    124600.0000     1.03833
   2.222   1.880  10.500    118600.0000     1.03671
   2.222   1.905  10.500    107000.0000     1.01808
   2.222   1.929  10.500     95130.0000     0.98560
   2.222   1.954  10.500     87740.0000     0.94957
   2.222   1.978  10.500     90720.0000     0.93603
   2.222   2.002  10.500    106700.0000     0.95524
   2.222   2.027  10.500    140000.0000     1.00503
   2.222   2.051  10.500    188300.0000     1.06746
   2.222   2.076  10.500    254400.0000     1.16005
   2.222   2.100  10.500    326200.0000     1.20949
   2.222   2.125  10.500    378800.0000     1.26435
   2.222   2.149  10.500    341300.0000     1.31624
   2.222   2.173  10.500    203800.0000     1.35056
   2.222   1.160  11.500     19020.0000     0.70680
   2.222   1.185  11.500     19820.0000     0.72125
   2.222   1.209  11.500     20610.0000     0.73424
   2.222   1.234  11.500     21460.0000     0.74669
   2.222   1.258  11.500     22300.0000     0.75773
   2.222   1.283  11.500     23230.0000     0.76870
   2.222   1.307  11.500     24180.0000     0.77925
   2.222   1.332  11.500     25220.0000     0.78961
   2.222   1.356  11.500     26260.0000     0.79915
   2.222   1.381  11.500     27370.0000     0.80857
   2.222   1.405  11.500     28420.0000     0.81643
   2.222   1.430  11.500     29480.0000     0.82369
   2.222   1.454  11.500     30420.0000     0.82933
   2.222   1.479  11.500     31300.0000     0.83311
   2.222   1.503  11.500     32100.0000     0.83572
   2.222   1.528  11.500     32950.0000     0.83693
   2.222   1.552  11.500     33930.0000     0.83840
   2.222   1.577  11.500     35290.0000     0.84124
   2.222   1.601  11.500     37140.0000     0.84659
   2.222   1.626  11.500     39860.0000     0.85647
   2.222   1.650  11.500     43430.0000     0.87034
   2.222   1.675  11.500     48330.0000     0.88956
   2.222   1.699  11.500     54280.0000     0.91258
   2.222   1.724  11.500     61660.0000     0.93937
   2.222   1.748  11.500     69490.0000     0.96621
   2.222   1.773  11.500     77550.0000     0.99334
   2.222   1.797  11.500     83910.0000     1.01574
   2.222   1.822  11.500     87580.0000     1.03327
   2.222   1.846  11.500     87040.0000     1.04102
   2.222   1.871  11.500     82200.0000     1.03722
   2.222   1.895  11.500     74790.0000     1.01935
   2.222   1.920  11.500     67330.0000     0.98942
   2.222   1.944  11.500     63750.0000     0.96168
   2.222   1.969  11.500     67290.0000     0.95501
   2.222   1.993  11.500     80090.0000     0.98065
   2.222   2.018  11.500    102900.0000     1.02695
   2.222   2.042  11.500    134400.0000     1.08475
   2.222   2.067  11.500    175000.0000     1.16434
   2.222   2.091  11.500    214100.0000     1.22975
   2.222   2.116  11.500    233000.0000     1.27952
   2.222   2.140  11.500    197200.0000     1.32438
   2.222   2.165  11.500    112900.0000     1.35193
   2.222   1.157  12.500     15560.0000     0.74379
   2.222   1.182  12.500     16170.0000     0.75596
   2.222   1.206  12.500     16760.0000     0.76670
   2.222   1.231  12.500     17390.0000     0.77669
   2.222   1.255  12.500     18020.0000     0.78621
   2.222   1.280  12.500     18710.0000     0.79549
   2.222   1.305  12.500     19430.0000     0.80455
   2.222   1.329  12.500     20150.0000     0.81250
   2.222   1.354  12.500     20930.0000     0.82111
   2.222   1.378  12.500     21680.0000     0.82843
   2.222   1.403  12.500     22440.0000     0.83544
   2.222   1.428  12.500     23150.0000     0.84121
   2.222   1.452  12.500     23760.0000     0.84495
   2.222   1.477  12.500     24350.0000     0.84784
   2.222   1.501  12.500     24880.0000     0.84886
   2.222   1.526  12.500     25510.0000     0.85005
   2.222   1.551  12.500     26310.0000     0.85173
   2.222   1.575  12.500     27390.0000     0.85514
   2.222   1.600  12.500     29000.0000     0.86181
   2.222   1.624  12.500     31180.0000     0.87314
   2.222   1.649  12.500     34220.0000     0.88906
   2.222   1.674  12.500     38150.0000     0.91028
   2.222   1.698  12.500     42720.0000     0.93377
   2.222   1.723  12.500     48100.0000     0.96027
   2.222   1.747  12.500     53380.0000     0.98542
   2.222   1.772  12.500     58240.0000     1.00918
   2.222   1.797  12.500     61450.0000     1.02828
   2.222   1.821  12.500     62170.0000     1.03981
   2.222   1.846  12.500     60030.0000     1.04146
   2.222   1.870  12.500     55830.0000     1.03160
   2.222   1.895  12.500     50740.0000     1.00955
   2.222   1.920  12.500     47310.0000     0.98419
   2.222   1.944  12.500     47780.0000     0.97193
   2.222   1.969  12.500     53570.0000     0.98276
   2.222   1.993  12.500     65150.0000     1.01702
   2.222   2.018  12.500     83360.0000     1.06790
   2.222   2.043  12.500    106300.0000     1.12689
   2.222   2.067  12.500    129400.0000     1.20709
   2.222   2.092  12.500    145000.0000     1.26748
   2.222   2.116  12.500    135700.0000     1.31111
   2.222   2.141  12.500     94510.0000     1.34649
   2.222   2.166  12.500     41730.0000     1.33707
   2.222   1.165  13.500     13000.0000     0.77612
   2.222   1.190  13.500     13460.0000     0.78621
   2.222   1.215  13.500     13920.0000     0.79497
   2.222   1.239  13.500     14380.0000     0.80335
   2.222   1.264  13.500     14870.0000     0.81124
   2.222   1.289  13.500     15390.0000     0.81905
   2.222   1.314  13.500     15920.0000     0.82658
   2.222   1.338  13.500     16450.0000     0.83376
   2.222   1.363  13.500     17000.0000     0.84075
   2.222   1.388  13.500     17530.0000     0.84686
   2.222   1.412  13.500     18010.0000     0.85194
   2.222   1.437  13.500     18450.0000     0.85575
   2.222   1.462  13.500     18850.0000     0.85838
   2.222   1.486  13.500     19210.0000     0.85951
   2.222   1.511  13.500     19630.0000     0.86021
   2.222   1.536  13.500     20180.0000     0.86166
   2.222   1.561  13.500     20960.0000     0.86504
   2.222   1.585  13.500     22060.0000     0.87159
   2.222   1.610  13.500     23670.0000     0.88255
   2.222   1.635  13.500     25840.0000     0.89816
   2.222   1.659  13.500     28510.0000     0.91761
   2.222   1.684  13.500     31820.0000     0.94086
   2.222   1.709  13.500     35510.0000     0.96626
   2.222   1.734  13.500     39180.0000     0.99090
   2.222   1.758  13.500     42170.0000     1.01224
   2.222   1.783  13.500     44110.0000     1.02965
   2.222   1.808  13.500     44340.0000     1.04036
   2.222   1.832  13.500     42810.0000     1.04161
   2.222   1.857  13.500     39900.0000     1.03207
   2.222   1.882  13.500     36660.0000     1.01243
   2.222   1.906  13.500     34710.0000     0.99228
   2.222   1.931  13.500     35350.0000     0.98358
   2.222   1.956  13.500     39720.0000     0.99824
   2.222   1.981  13.500     47960.0000     1.03273
   2.222   2.005  13.500     59400.0000     1.07863
   2.222   2.030  13.500     73460.0000     1.13259
   2.222   2.055  13.500     86920.0000     1.19725
   2.222   2.079  13.500     93170.0000     1.27823
   2.222   2.104  13.500     83540.0000     1.31891
   2.222   2.129  13.500     57410.0000     1.35019
   2.222   2.154  13.500     27880.0000     1.35012
   2.222   1.163  14.500     10730.0000     0.79718
   2.222   1.188  14.500     11070.0000     0.80509
   2.222   1.213  14.500     11420.0000     0.81339
   2.222   1.238  14.500     11770.0000     0.82078
   2.222   1.263  14.500     12130.0000     0.82742
   2.222   1.287  14.500     12500.0000     0.83445
   2.222   1.312  14.500     12890.0000     0.84193
   2.222   1.337  14.500     13280.0000     0.84856
   2.222   1.362  14.500     13660.0000     0.85428
   2.222   1.387  14.500     14020.0000     0.86012
   2.222   1.412  14.500     14340.0000     0.86386
   2.222   1.436  14.500     14610.0000     0.86706
   2.222   1.461  14.500     14860.0000     0.86850
   2.222   1.486  14.500     15120.0000     0.86897
   2.222   1.511  14.500     15450.0000     0.86993
   2.222   1.536  14.500     15920.0000     0.87233
   2.222   1.560  14.500     16580.0000     0.87725
   2.222   1.585  14.500     17580.0000     0.88564
   2.222   1.610  14.500     18970.0000     0.89948
   2.222   1.635  14.500     20770.0000     0.91700
   2.222   1.660  14.500     22970.0000     0.93870
   2.222   1.685  14.500     25450.0000     0.96219
   2.222   1.709  14.500     27870.0000     0.98515
   2.222   1.734  14.500     30100.0000     1.00703
   2.222   1.759  14.500     31620.0000     1.02529
   2.222   1.784  14.500     32090.0000     1.03750
   2.222   1.809  14.500     31320.0000     1.04157
   2.222   1.834  14.500     29570.0000     1.03609
   2.222   1.858  14.500     27570.0000     1.02301
   2.222   1.883  14.500     25950.0000     1.00465
   2.222   1.908  14.500     25870.0000     0.99424
   2.222   1.933  14.500     28070.0000     1.00250
   2.222   1.958  14.500     32820.0000     1.03078
   2.222   1.982  14.500     39520.0000     1.07013
   2.222   2.007  14.500     48030.0000     1.11880
   2.222   2.032  14.500     56220.0000     1.17198
   2.222   2.057  14.500     60800.0000     1.23779
   2.222   2.082  14.500     56570.0000     1.31222
   2.222   2.107  14.500     42070.0000     1.34409
   2.222   2.131  14.500     25030.0000     1.36107
   2.222   2.156  14.500      9607.0000     1.31856
   2.222   1.179  15.500      9069.0000     0.81924
   2.222   1.204  15.500      9324.0000     0.82660
   2.222   1.229  15.500      9583.0000     0.83330
   2.222   1.254  15.500      9849.0000     0.83964
   2.222   1.279  15.500     10120.0000     0.84615
   2.222   1.304  15.500     10400.0000     0.85316
   2.222   1.329  15.500     10670.0000     0.85841
   2.222   1.354  15.500     10940.0000     0.86482
   2.222   1.379  15.500     11180.0000     0.86936
   2.222   1.403  15.500     11380.0000     0.87337
   2.222   1.428  15.500     11560.0000     0.87576
   2.222   1.453  15.500     11730.0000     0.87734
   2.222   1.478  15.500     11910.0000     0.87767
   2.222   1.503  15.500     12150.0000     0.87916
   2.222   1.528  15.500     12520.0000     0.88169
   2.222   1.553  15.500     13080.0000     0.88798
   2.222   1.578  15.500     13880.0000     0.89780
   2.222   1.603  15.500     14970.0000     0.91225
   2.222   1.628  15.500     16350.0000     0.93056
   2.222   1.653  15.500     17970.0000     0.95231
   2.222   1.678  15.500     19700.0000     0.97476
   2.222   1.703  15.500     21350.0000     0.99720
   2.222   1.728  15.500     22640.0000     1.01616
   2.222   1.753  15.500     23320.0000     1.03095
   2.222   1.778  15.500     23210.0000     1.03941
   2.222   1.803  15.500     22330.0000     1.03957
   2.222   1.828  15.500     21000.0000     1.03143
   2.222   1.852  15.500     19760.0000     1.01803
   2.222   1.877  15.500     19190.0000     1.00682
   2.222   1.902  15.500     19780.0000     1.00508
   2.222   1.927  15.500     21960.0000     1.02140
   2.222   1.952  15.500     25730.0000     1.05408
   2.222   1.977  15.500     30670.0000     1.09575
   2.222   2.002  15.500     35920.0000     1.14249
   2.222   2.027  15.500     39860.0000     1.19377
   2.222   2.052  15.500     39710.0000     1.25308
   2.222   2.077  15.500     33230.0000     1.32867
   2.222   2.102  15.500     22500.0000     1.35379
   2.222   2.127  15.500     12110.0000     1.35976
   2.222   2.152  15.500      4746.0000     1.31687
   2.222   1.166  16.500      7435.0000     0.82943
   2.222   1.191  16.500      7623.0000     0.83622
   2.222   1.216  16.500      7813.0000     0.84274
   2.222   1.241  16.500      8005.0000     0.84925
   2.222   1.266  16.500      8201.0000     0.85561
   2.222   1.291  16.500      8397.0000     0.86167
   2.222   1.316  16.500      8589.0000     0.86749
   2.222   1.341  16.500      8770.0000     0.87264
   2.222   1.366  16.500      8931.0000     0.87731
   2.222   1.391  16.500      9068.0000     0.88124
   2.222   1.416  16.500      9185.0000     0.88317
   2.222   1.442  16.500      9297.0000     0.88459
   2.222   1.467  16.500      9421.0000     0.88627
   2.222   1.492  16.500      9601.0000     0.88734
   2.222   1.517  16.500      9880.0000     0.89089
   2.222   1.542  16.500     10310.0000     0.89808
   2.222   1.567  16.500     10920.0000     0.90773
   2.222   1.592  16.500     11750.0000     0.92302
   2.222   1.617  16.500     12760.0000     0.94100
   2.222   1.642  16.500     13910.0000     0.96130
   2.222   1.667  16.500     15100.0000     0.98307
   2.222   1.692  16.500     16150.0000     1.00311
   2.222   1.717  16.500     16900.0000     1.02053
   2.222   1.742  16.500     17180.0000     1.03307
   2.222   1.768  16.500     16900.0000     1.03936
   2.222   1.793  16.500     16170.0000     1.03787
   2.222   1.818  16.500     15240.0000     1.02903
   2.222   1.843  16.500     14510.0000     1.01753
   2.222   1.868  16.500     14400.0000     1.01124
   2.222   1.893  16.500     15240.0000     1.01804
   2.222   1.918  16.500     17040.0000     1.03966
   2.222   1.943  16.500     19760.0000     1.07275
   2.222   1.968  16.500     23040.0000     1.11466
   2.222   1.993  16.500     26000.0000     1.15916
   2.222   2.018  16.500     27370.0000     1.20679
   2.222   2.043  16.500     25440.0000     1.25692
   2.222   2.069  16.500     19550.0000     1.33904
   2.222   2.094  16.500     12520.0000     1.35762
   2.222   2.119  16.500      6478.0000     1.35410
   2.222   2.144  16.500      2648.0000     1.31219
   2.222   1.177  17.500      6263.0000     0.84464
   2.222   1.202  17.500      6401.0000     0.85120
   2.222   1.227  17.500      6540.0000     0.85748
   2.222   1.253  17.500      6684.0000     0.86379
   2.222   1.278  17.500      6823.0000     0.86984
   2.222   1.303  17.500      6956.0000     0.87552
   2.222   1.328  17.500      7077.0000     0.88055
   2.222   1.353  17.500      7184.0000     0.88506
   2.222   1.379  17.500      7275.0000     0.88860
   2.222   1.404  17.500      7346.0000     0.89086
   2.222   1.429  17.500      7413.0000     0.89249
   2.222   1.454  17.500      7496.0000     0.89366
   2.222   1.480  17.500      7630.0000     0.89565
   2.222   1.505  17.500      7842.0000     0.89952
   2.222   1.530  17.500      8169.0000     0.90656
   2.222   1.555  17.500      8636.0000     0.91745
   2.222   1.580  17.500      9249.0000     0.93236
   2.222   1.606  17.500     10020.0000     0.95157
   2.222   1.631  17.500     10830.0000     0.97130
   2.222   1.656  17.500     11620.0000     0.99062
   2.222   1.681  17.500     12270.0000     1.00905
   2.222   1.707  17.500     12680.0000     1.02506
   2.222   1.732  17.500     12710.0000     1.03417
   2.222   1.757  17.500     12390.0000     1.03856
   2.222   1.782  17.500     11840.0000     1.03587
   2.222   1.807  17.500     11230.0000     1.02839
   2.222   1.833  17.500     10850.0000     1.01974
   2.222   1.858  17.500     10980.0000     1.01855
   2.222   1.883  17.500     11730.0000     1.03076
   2.222   1.908  17.500     13170.0000     1.05613
   2.222   1.934  17.500     15140.0000     1.09156
   2.222   1.959  17.500     17160.0000     1.13267
   2.222   1.984  17.500     18570.0000     1.17532
   2.222   2.009  17.500     18440.0000     1.21877
   2.222   2.034  17.500     15940.0000     1.26207
   2.222   2.060  17.500     11440.0000     1.33926
   2.222   2.085  17.500      7041.0000     1.35822
   2.222   2.110  17.500      3537.0000     1.34538
   2.222   2.135  17.500      1526.0000     1.30763
   2.222   1.166  18.500      5188.0000     0.85329
   2.222   1.192  18.500      5292.0000     0.85993
   2.222   1.217  18.500      5391.0000     0.86602
   2.222   1.242  18.500      5489.0000     0.87196
   2.222   1.268  18.500      5587.0000     0.87791
   2.222   1.293  18.500      5677.0000     0.88358
   2.222   1.318  18.500      5755.0000     0.88839
   2.222   1.344  18.500      5823.0000     0.89269
   2.222   1.369  18.500      5874.0000     0.89597
   2.222   1.395  18.500      5915.0000     0.89812
   2.222   1.420  18.500      5955.0000     0.89955
   2.222   1.445  18.500      6014.0000     0.90124
   2.222   1.471  18.500      6120.0000     0.90385
   2.222   1.496  18.500      6291.0000     0.90858
   2.222   1.521  18.500      6554.0000     0.91652
   2.222   1.547  18.500      6937.0000     0.92877
   2.222   1.572  18.500      7406.0000     0.94416
   2.222   1.598  18.500      7968.0000     0.96278
   2.222   1.623  18.500      8526.0000     0.98181
   2.222   1.648  18.500      9026.0000     1.00011
   2.222   1.674  18.500      9397.0000     1.01688
   2.222   1.699  18.500      9536.0000     1.02925
   2.222   1.724  18.500      9430.0000     1.03649
   2.222   1.750  18.500      9089.0000     1.03756
   2.222   1.775  18.500      8676.0000     1.03372
   2.222   1.801  18.500      8308.0000     1.02682
   2.222   1.826  18.500      8211.0000     1.02369
   2.222   1.851  18.500      8509.0000     1.03002
   2.222   1.877  18.500      9264.0000     1.04879
   2.222   1.902  18.500     10380.0000     1.07833
   2.222   1.927  18.500     11650.0000     1.11483
   2.222   1.953  18.500     12740.0000     1.15608
   2.222   1.978  18.500     13010.0000     1.19577
   2.222   2.004  18.500     11830.0000     1.23693
   2.222   2.029  18.500      9273.0000     1.27219
   2.222   2.054  18.500      6236.0000     1.32259
   2.222   2.080  18.500      3562.0000     1.35540
   2.222   2.105  18.500      1471.0000     1.29718
   2.222   2.130  18.500       802.5000     1.30445
   2.222   1.163  19.500      4342.0000     0.86305
   2.222   1.188  19.500      4413.0000     0.86939
   2.222   1.214  19.500      4484.0000     0.87561
   2.222   1.239  19.500      4550.0000     0.88144
   2.222   1.265  19.500      4615.0000     0.88733
   2.222   1.290  19.500      4670.0000     0.89241
   2.222   1.316  19.500      4716.0000     0.89692
   2.222   1.341  19.500      4750.0000     0.90082
   2.222   1.367  19.500      4773.0000     0.90346
   2.222   1.392  19.500      4792.0000     0.90535
   2.222   1.418  19.500      4820.0000     0.90704
   2.222   1.444  19.500      4874.0000     0.90933
   2.222   1.469  19.500      4971.0000     0.91328
   2.222   1.495  19.500      5137.0000     0.92011
   2.222   1.520  19.500      5371.0000     0.93020
   2.222   1.546  19.500      5691.0000     0.94441
   2.222   1.571  19.500      6054.0000     0.96065
   2.222   1.597  19.500      6454.0000     0.97921
   2.222   1.622  19.500      6806.0000     0.99678
   2.222   1.648  19.500      7078.0000     1.01331
   2.222   1.673  19.500      7195.0000     1.02610
   2.222   1.699  19.500      7135.0000     1.03451
   2.222   1.725  19.500      6917.0000     1.03750
   2.222   1.750  19.500      6627.0000     1.03547
   2.222   1.776  19.500      6350.0000     1.03051
   2.222   1.801  19.500      6239.0000     1.02801
   2.222   1.827  19.500      6394.0000     1.03396
   2.222   1.852  19.500      6835.0000     1.05057
   2.222   1.878  19.500      7550.0000     1.07826
   2.222   1.903  19.500      8341.0000     1.11154
   2.222   1.929  19.500      9020.0000     1.15036
   2.222   1.954  19.500      9170.0000     1.18875
   2.222   1.980  19.500      8395.0000     1.22662
   2.222   2.005  19.500      6719.0000     1.25800
   2.222   2.031  19.500      4585.0000     1.28720
   2.222   2.057  19.500      2737.0000     1.35094
   2.222   2.082  19.500      1449.0000     1.33919
   2.222   2.108  19.500       637.1000     1.29624
   2.222   1.171  20.500      3666.0000     0.87494
   2.222   1.196  20.500      3713.0000     0.88111
   2.222   1.222  20.500      3759.0000     0.88718
   2.222   1.248  20.500      3800.0000     0.89265
   2.222   1.274  20.500      3836.0000     0.89815
   2.222   1.299  20.500      3861.0000     0.90252
   2.222   1.325  20.500      3879.0000     0.90652
   2.222   1.351  20.500      3888.0000     0.90947
   2.222   1.376  20.500      3893.0000     0.91150
   2.222   1.402  20.500      3906.0000     0.91347
   2.222   1.428  20.500      3940.0000     0.91607
   2.222   1.454  20.500      4011.0000     0.92038
   2.222   1.479  20.500      4126.0000     0.92719
   2.222   1.505  20.500      4302.0000     0.93766
   2.222   1.531  20.500      4532.0000     0.95170
   2.222   1.556  20.500      4786.0000     0.96726
   2.222   1.582  20.500      5056.0000     0.98481
   2.222   1.608  20.500      5289.0000     1.00170
   2.222   1.634  20.500      5441.0000     1.01682
   2.222   1.659  20.500      5478.0000     1.02815
   2.222   1.685  20.500      5390.0000     1.03514
   2.222   1.711  20.500      5206.0000     1.03726
   2.222   1.736  20.500      4996.0000     1.03566
   2.222   1.762  20.500      4822.0000     1.03255
   2.222   1.788  20.500      4788.0000     1.03390
   2.222   1.814  20.500      4949.0000     1.04365
   2.222   1.839  20.500      5299.0000     1.06363
   2.222   1.865  20.500      5788.0000     1.09249
   2.222   1.891  20.500      6280.0000     1.12686
   2.222   1.916  20.500      6559.0000     1.16294
   2.222   1.942  20.500      6376.0000     1.20053
   2.222   1.968  20.500      5518.0000     1.23445
   2.222   1.994  20.500      4139.0000     1.26189
   2.222   2.019  20.500      2762.0000     1.28346
   2.222   2.045  20.500      1622.0000     1.31230
   2.222   2.071  20.500       836.2000     1.32941
   2.222   2.096  20.500       397.4000     1.29194
   2.222   1.169  21.500      3082.0000     0.88385
   2.222   1.195  21.500      3113.0000     0.89019
   2.222   1.221  21.500      3139.0000     0.89583
   2.222   1.247  21.500      3161.0000     0.90134
   2.222   1.273  21.500      3177.0000     0.90642
   2.222   1.299  21.500      3184.0000     0.91023
   2.222   1.325  21.500      3185.0000     0.91365
   2.222   1.350  21.500      3182.0000     0.91621
   2.222   1.376  21.500      3181.0000     0.91830
   2.222   1.402  21.500      3193.0000     0.92097
   2.222   1.428  21.500      3229.0000     0.92495
   2.222   1.454  21.500      3299.0000     0.93113
   2.222   1.480  21.500      3410.0000     0.94043
   2.222   1.506  21.500      3561.0000     0.95316
   2.222   1.532  21.500      3738.0000     0.96789
   2.222   1.558  21.500      3921.0000     0.98443
   2.222   1.584  21.500      4079.0000     1.00049
   2.222   1.609  21.500      4178.0000     1.01457
   2.222   1.635  21.500      4203.0000     1.02612
   2.222   1.661  21.500      4141.0000     1.03396
   2.222   1.687  21.500      4009.0000     1.03726
   2.222   1.713  21.500      3846.0000     1.03666
   2.222   1.739  21.500      3721.0000     1.03591
   2.222   1.765  21.500      3685.0000     1.03832
   2.222   1.791  21.500      3784.0000     1.04849
   2.222   1.817  21.500      4008.0000     1.06795
   2.222   1.843  21.500      4316.0000     1.09543
   2.222   1.868  21.500      4602.0000     1.12684
   2.222   1.894  21.500      4749.0000     1.16283
   2.222   1.920  21.500      4561.0000     1.19869
   2.222   1.946  21.500      3921.0000     1.23108
   2.222   1.972  21.500      2948.0000     1.25607
   2.222   1.998  21.500      1955.0000     1.27611
   2.222   2.024  21.500      1171.0000     1.29335
   2.222   2.050  21.500       636.7000     1.32398
   2.222   2.076  21.500       296.0000     1.28584
   2.222   2.102  21.500       168.2000     1.29087
